0 info it worked if it ends with ok
1 verbose cli [ '/usr/local/bin/node',
1 verbose cli   '/usr/local/bin/npm',
1 verbose cli   'install',
1 verbose cli   '–g',
1 verbose cli   'yeoman' ]
2 info using npm@1.3.21
3 info using node@v0.10.24
4 verbose cache add [ '–g', null ]
5 verbose cache add name=undefined spec="–g" args=["–g",null]
6 verbose parsed url { protocol: null,
6 verbose parsed url   slashes: null,
6 verbose parsed url   auth: null,
6 verbose parsed url   host: null,
6 verbose parsed url   port: null,
6 verbose parsed url   hostname: null,
6 verbose parsed url   hash: null,
6 verbose parsed url   search: null,
6 verbose parsed url   query: null,
6 verbose parsed url   pathname: '–g',
6 verbose parsed url   path: '–g',
6 verbose parsed url   href: '–g' }
7 verbose cache add [ 'yeoman', null ]
8 verbose cache add name=undefined spec="yeoman" args=["yeoman",null]
9 verbose parsed url { protocol: null,
9 verbose parsed url   slashes: null,
9 verbose parsed url   auth: null,
9 verbose parsed url   host: null,
9 verbose parsed url   port: null,
9 verbose parsed url   hostname: null,
9 verbose parsed url   hash: null,
9 verbose parsed url   search: null,
9 verbose parsed url   query: null,
9 verbose parsed url   pathname: 'yeoman',
9 verbose parsed url   path: 'yeoman',
9 verbose parsed url   href: 'yeoman' }
10 silly lockFile 51e00793-g –g
11 verbose lock –g /Users/stephen/.npm/51e00793-g.lock
12 silly lockFile 6b23522e-yeoman yeoman
13 verbose lock yeoman /Users/stephen/.npm/6b23522e-yeoman.lock
14 silly lockFile 51e00793-g –g
15 silly lockFile 51e00793-g –g
16 silly lockFile 6b23522e-yeoman yeoman
17 silly lockFile 6b23522e-yeoman yeoman
18 verbose addNamed [ '–g', '' ]
19 verbose addNamed [ null, '*' ]
20 silly lockFile 72e0e7f9-g –g@
21 verbose lock –g@ /Users/stephen/.npm/72e0e7f9-g.lock
22 verbose addNamed [ 'yeoman', '' ]
23 verbose addNamed [ null, '*' ]
24 silly lockFile 70747b36-yeoman yeoman@
25 verbose lock yeoman@ /Users/stephen/.npm/70747b36-yeoman.lock
26 silly addNameRange { name: '–g', range: '*', hasData: false }
27 verbose url raw –g
28 verbose url resolving [ 'https://registry.npmjs.org/', './%E2%80%93g' ]
29 verbose url resolved https://registry.npmjs.org/%E2%80%93g
30 info trying registry request attempt 1 at 23:18:12
31 http GET https://registry.npmjs.org/%E2%80%93g
32 silly addNameRange { name: 'yeoman', range: '*', hasData: false }
33 verbose url raw yeoman
34 verbose url resolving [ 'https://registry.npmjs.org/', './yeoman' ]
35 verbose url resolved https://registry.npmjs.org/yeoman
36 info trying registry request attempt 1 at 23:18:12
37 http GET https://registry.npmjs.org/yeoman
38 http 404 https://registry.npmjs.org/%E2%80%93g
39 silly registry.get cb [ 404,
39 silly registry.get   { date: 'Sun, 23 Feb 2014 23:18:17 GMT',
39 silly registry.get     server: 'CouchDB/1.5.0 (Erlang OTP/R16B)',
39 silly registry.get     'content-type': 'application/json',
39 silly registry.get     via: '1.1 varnish',
39 silly registry.get     'cache-control': 'max-age=0',
39 silly registry.get     'content-length': '52',
39 silly registry.get     'accept-ranges': 'bytes',
39 silly registry.get     age: '0',
39 silly registry.get     'x-served-by': 'cache-v41-ASH, cache-fra1232-FRA',
39 silly registry.get     'x-cache': 'MISS, MISS',
39 silly registry.get     'x-cache-hits': '0, 0',
39 silly registry.get     'x-timer': 'S1393197497.553890467,VS0,VS-13,VE73,VE186',
39 silly registry.get     'keep-alive': 'timeout=10, max=50',
39 silly registry.get     connection: 'Keep-Alive' } ]
40 silly lockFile 72e0e7f9-g –g@
41 silly lockFile 72e0e7f9-g –g@
42 error 404 '%E2%80%93g' is not in the npm registry.
42 error 404 You should bug the author to publish it
42 error 404
42 error 404 Note that you can also install from a
42 error 404 tarball, folder, or http url, or git url.
43 error System Darwin 13.0.0
44 error command "/usr/local/bin/node" "/usr/local/bin/npm" "install" "–g" "yeoman"
45 error cwd /Development/Projects/Personal/exrails
46 error node -v v0.10.24
47 error npm -v 1.3.21
48 error code E404
49 verbose exit [ 1, true ]
